Traceback (most recent call last):
  File "/usr/local/lib/python3.12/site-packages/jupyter_cache/executors/utils.py", line 58, in single_nb_execution
    executenb(
  File "/usr/local/lib/python3.12/site-packages/nbclient/client.py", line 1314, in execute
    return NotebookClient(nb=nb, resources=resources, km=km, **kwargs).execute()
           ^^^^^^^^^^^^^^^^^^^^^^^^^^^^^^^^^^^^^^^^^^^^^^^^^^^^^^^^^^^^^^^^^^^^^
  File "/usr/local/lib/python3.12/site-packages/jupyter_core/utils/__init__.py", line 165, in wrapped
    return loop.run_until_complete(inner)
           ^^^^^^^^^^^^^^^^^^^^^^^^^^^^^^
  File "/usr/local/lib/python3.12/asyncio/base_events.py", line 687, in run_until_complete
    return future.result()
           ^^^^^^^^^^^^^^^
  File "/usr/local/lib/python3.12/site-packages/nbclient/client.py", line 709, in async_execute
    await self.async_execute_cell(
  File "/usr/local/lib/python3.12/site-packages/nbclient/client.py", line 1062, in async_execute_cell
    await self._check_raise_for_error(cell, cell_index, exec_reply)
  File "/usr/local/lib/python3.12/site-packages/nbclient/client.py", line 918, in _check_raise_for_error
    raise CellExecutionError.from_cell_and_msg(cell, exec_reply_content)
nbclient.exceptions.CellExecutionError: An error occurred while executing the following cell:
------------------
# Create a list of files to process
import os

# Get the current working directory
cwd = os.getcwd()
cwd = os.path.join(cwd, "orig")

def alphanumeric_key(s):
    return [int(c) if c.isdigit() else c.lower() for c in re.split(r'(\d+)', s)]

# List all files in the CWD that start with "questions-" and have a .qmd extension
files = [f for f in os.listdir(cwd) if f.startswith('q') and f.endswith('.qmd')]
files = sorted(files, key=alphanumeric_key)
------------------


[0;31m---------------------------------------------------------------------------[0m
[0;31mFileNotFoundError[0m                         Traceback (most recent call last)
Cell [0;32mIn[3], line 12[0m
[1;32m      9[0m     [38;5;28;01mreturn[39;00m [[38;5;28mint[39m(c) [38;5;28;01mif[39;00m c[38;5;241m.[39misdigit() [38;5;28;01melse[39;00m c[38;5;241m.[39mlower() [38;5;28;01mfor[39;00m c [38;5;129;01min[39;00m re[38;5;241m.[39msplit([38;5;124mr[39m[38;5;124m'[39m[38;5;124m([39m[38;5;124m\[39m[38;5;124md+)[39m[38;5;124m'[39m, s)]
[1;32m     11[0m [38;5;66;03m# List all files in the CWD that start with "questions-" and have a .qmd extension[39;00m
[0;32m---> 12[0m files [38;5;241m=[39m [f [38;5;28;01mfor[39;00m f [38;5;129;01min[39;00m [43mos[49m[38;5;241;43m.[39;49m[43mlistdir[49m[43m([49m[43mcwd[49m[43m)[49m [38;5;28;01mif[39;00m f[38;5;241m.[39mstartswith([38;5;124m'[39m[38;5;124mq[39m[38;5;124m'[39m) [38;5;129;01mand[39;00m f[38;5;241m.[39mendswith([38;5;124m'[39m[38;5;124m.qmd[39m[38;5;124m'[39m)]
[1;32m     13[0m files [38;5;241m=[39m [38;5;28msorted[39m(files, key[38;5;241m=[39malphanumeric_key)

[0;31mFileNotFoundError[0m: [Errno 2] No such file or directory: '/workspaces/20CS2023/docs/topics/midterm-review/orig'

